::1 - - [01/Jun/2021:12:50:20 +0000] "GET /home HTTP/1.1" 304 - "-" "Mozilla/5.0 (X11; Linux x86_64) AppleWebKit/537.36 (KHTML, like Gecko) Chrome/91.0.4472.77 Safari/537.36"
::1 - - [01/Jun/2021:13:55:42 +0000] "GET /home HTTP/1.1" 302 46 "-" "Mozilla/5.0 (X11; Linux x86_64) AppleWebKit/537.36 (KHTML, like Gecko) Chrome/91.0.4472.77 Safari/537.36"
::1 - - [01/Jun/2021:13:55:42 +0000] "GET / HTTP/1.1" 200 3151 "-" "Mozilla/5.0 (X11; Linux x86_64) AppleWebKit/537.36 (KHTML, like Gecko) Chrome/91.0.4472.77 Safari/537.36"
::1 - - [01/Jun/2021:14:59:03 +0000] "GET / HTTP/1.1" 304 - "-" "Mozilla/5.0 (X11; Linux x86_64) AppleWebKit/537.36 (KHTML, like Gecko) Chrome/91.0.4472.77 Safari/537.36"
::1 - - [01/Jun/2021:14:59:05 +0000] "GET /discover HTTP/1.1" 200 3312 "http://localhost:8005/" "Mozilla/5.0 (X11; Linux x86_64) AppleWebKit/537.36 (KHTML, like Gecko) Chrome/91.0.4472.77 Safari/537.36"
::1 - - [01/Jun/2021:14:59:07 +0000] "GET /logo-action HTTP/1.1" 302 46 "http://localhost:8005/discover" "Mozilla/5.0 (X11; Linux x86_64) AppleWebKit/537.36 (KHTML, like Gecko) Chrome/91.0.4472.77 Safari/537.36"
::1 - - [01/Jun/2021:14:59:07 +0000] "GET / HTTP/1.1" 304 - "http://localhost:8005/discover" "Mozilla/5.0 (X11; Linux x86_64) AppleWebKit/537.36 (KHTML, like Gecko) Chrome/91.0.4472.77 Safari/537.36"
::1 - - [01/Jun/2021:14:59:10 +0000] "GET /sign-in HTTP/1.1" 304 - "http://localhost:8005/" "Mozilla/5.0 (X11; Linux x86_64) AppleWebKit/537.36 (KHTML, like Gecko) Chrome/91.0.4472.77 Safari/537.36"
::1 - - [01/Jun/2021:14:59:20 +0000] "POST /user/create-session HTTP/1.1" 302 54 "http://localhost:8005/sign-in" "Mozilla/5.0 (X11; Linux x86_64) AppleWebKit/537.36 (KHTML, like Gecko) Chrome/91.0.4472.77 Safari/537.36"
::1 - - [01/Jun/2021:14:59:20 +0000] "GET /home HTTP/1.1" 200 11384 "http://localhost:8005/sign-in" "Mozilla/5.0 (X11; Linux x86_64) AppleWebKit/537.36 (KHTML, like Gecko) Chrome/91.0.4472.77 Safari/537.36"
::1 - - [01/Jun/2021:14:59:25 +0000] "GET /user/profile/60b61f75bbd88d577bea138d HTTP/1.1" 200 11975 "http://localhost:8005/home" "Mozilla/5.0 (X11; Linux x86_64) AppleWebKit/537.36 (KHTML, like Gecko) Chrome/91.0.4472.77 Safari/537.36"
::1 - - [01/Jun/2021:14:59:50 +0000] "POST /user/update/60b61f75bbd88d577bea138d HTTP/1.1" - - "http://localhost:8005/user/profile/60b61f75bbd88d577bea138d" "Mozilla/5.0 (X11; Linux x86_64) AppleWebKit/537.36 (KHTML, like Gecko) Chrome/91.0.4472.77 Safari/537.36"
::1 - - [01/Jun/2021:15:00:53 +0000] "POST /user/update/60b61f75bbd88d577bea138d HTTP/1.1" 302 162 "http://localhost:8005/user/profile/60b61f75bbd88d577bea138d" "Mozilla/5.0 (X11; Linux x86_64) AppleWebKit/537.36 (KHTML, like Gecko) Chrome/91.0.4472.77 Safari/537.36"
::1 - - [01/Jun/2021:15:00:53 +0000] "GET /user/profile/60b61f75bbd88d577bea138d HTTP/1.1" 200 11862 "http://localhost:8005/user/profile/60b61f75bbd88d577bea138d" "Mozilla/5.0 (X11; Linux x86_64) AppleWebKit/537.36 (KHTML, like Gecko) Chrome/91.0.4472.77 Safari/537.36"
::1 - - [01/Jun/2021:15:00:55 +0000] "GET /user/profile/60b61f75bbd88d577bea138d HTTP/1.1" 304 - "http://localhost:8005/user/profile/60b61f75bbd88d577bea138d" "Mozilla/5.0 (X11; Linux x86_64) AppleWebKit/537.36 (KHTML, like Gecko) Chrome/91.0.4472.77 Safari/537.36"
::1 - - [01/Jun/2021:15:01:00 +0000] "GET /logo-action HTTP/1.1" 302 54 "http://localhost:8005/user/profile/60b61f75bbd88d577bea138d" "Mozilla/5.0 (X11; Linux x86_64) AppleWebKit/537.36 (KHTML, like Gecko) Chrome/91.0.4472.77 Safari/537.36"
::1 - - [01/Jun/2021:15:01:00 +0000] "GET /home HTTP/1.1" 200 11028 "http://localhost:8005/user/profile/60b61f75bbd88d577bea138d" "Mozilla/5.0 (X11; Linux x86_64) AppleWebKit/537.36 (KHTML, like Gecko) Chrome/91.0.4472.77 Safari/537.36"
::1 - - [01/Jun/2021:15:01:13 +0000] "GET /like/toggle/?id=60b62197b2bafd5d659d203e&type=Post HTTP/1.1" 200 58 "http://localhost:8005/home" "Mozilla/5.0 (X11; Linux x86_64) AppleWebKit/537.36 (KHTML, like Gecko) Chrome/91.0.4472.77 Safari/537.36"
::1 - - [01/Jun/2021:15:01:15 +0000] "GET /home HTTP/1.1" 200 11024 "http://localhost:8005/user/profile/60b61f75bbd88d577bea138d" "Mozilla/5.0 (X11; Linux x86_64) AppleWebKit/537.36 (KHTML, like Gecko) Chrome/91.0.4472.77 Safari/537.36"
::1 - - [01/Jun/2021:15:01:19 +0000] "GET /user/sign-out HTTP/1.1" 302 46 "http://localhost:8005/home" "Mozilla/5.0 (X11; Linux x86_64) AppleWebKit/537.36 (KHTML, like Gecko) Chrome/91.0.4472.77 Safari/537.36"
::1 - - [01/Jun/2021:15:01:19 +0000] "GET / HTTP/1.1" 200 3424 "http://localhost:8005/home" "Mozilla/5.0 (X11; Linux x86_64) AppleWebKit/537.36 (KHTML, like Gecko) Chrome/91.0.4472.77 Safari/537.36"
::1 - - [01/Jun/2021:15:01:21 +0000] "GET /sign-in HTTP/1.1" 304 - "http://localhost:8005/" "Mozilla/5.0 (X11; Linux x86_64) AppleWebKit/537.36 (KHTML, like Gecko) Chrome/91.0.4472.77 Safari/537.36"
::1 - - [01/Jun/2021:15:01:23 +0000] "GET /sign-up HTTP/1.1" 200 13517 "http://localhost:8005/sign-in" "Mozilla/5.0 (X11; Linux x86_64) AppleWebKit/537.36 (KHTML, like Gecko) Chrome/91.0.4472.77 Safari/537.36"
::1 - - [01/Jun/2021:15:02:00 +0000] "POST /user/create HTTP/1.1" 302 60 "http://localhost:8005/sign-up" "Mozilla/5.0 (X11; Linux x86_64) AppleWebKit/537.36 (KHTML, like Gecko) Chrome/91.0.4472.77 Safari/537.36"
::1 - - [01/Jun/2021:15:02:00 +0000] "GET /sign-in HTTP/1.1" 304 - "http://localhost:8005/sign-up" "Mozilla/5.0 (X11; Linux x86_64) AppleWebKit/537.36 (KHTML, like Gecko) Chrome/91.0.4472.77 Safari/537.36"
::1 - - [01/Jun/2021:15:02:12 +0000] "POST /user/create-session HTTP/1.1" 302 54 "http://localhost:8005/sign-in" "Mozilla/5.0 (X11; Linux x86_64) AppleWebKit/537.36 (KHTML, like Gecko) Chrome/91.0.4472.77 Safari/537.36"
::1 - - [01/Jun/2021:15:02:12 +0000] "GET /home HTTP/1.1" 200 11233 "http://localhost:8005/sign-in" "Mozilla/5.0 (X11; Linux x86_64) AppleWebKit/537.36 (KHTML, like Gecko) Chrome/91.0.4472.77 Safari/537.36"
::1 - - [01/Jun/2021:15:02:26 +0000] "GET /user/profile/60b64be847f7138b66062889 HTTP/1.1" 200 8930 "http://localhost:8005/home" "Mozilla/5.0 (X11; Linux x86_64) AppleWebKit/537.36 (KHTML, like Gecko) Chrome/91.0.4472.77 Safari/537.36"
::1 - - [01/Jun/2021:15:02:34 +0000] "POST /user/update/60b64be847f7138b66062889 HTTP/1.1" 302 162 "http://localhost:8005/user/profile/60b64be847f7138b66062889" "Mozilla/5.0 (X11; Linux x86_64) AppleWebKit/537.36 (KHTML, like Gecko) Chrome/91.0.4472.77 Safari/537.36"
::1 - - [01/Jun/2021:15:02:34 +0000] "GET /user/profile/60b64be847f7138b66062889 HTTP/1.1" 200 8876 "http://localhost:8005/user/profile/60b64be847f7138b66062889" "Mozilla/5.0 (X11; Linux x86_64) AppleWebKit/537.36 (KHTML, like Gecko) Chrome/91.0.4472.77 Safari/537.36"
::1 - - [01/Jun/2021:15:02:37 +0000] "GET /logo-action HTTP/1.1" 302 54 "http://localhost:8005/user/profile/60b64be847f7138b66062889" "Mozilla/5.0 (X11; Linux x86_64) AppleWebKit/537.36 (KHTML, like Gecko) Chrome/91.0.4472.77 Safari/537.36"
::1 - - [01/Jun/2021:15:02:37 +0000] "GET /home HTTP/1.1" 200 10907 "http://localhost:8005/user/profile/60b64be847f7138b66062889" "Mozilla/5.0 (X11; Linux x86_64) AppleWebKit/537.36 (KHTML, like Gecko) Chrome/91.0.4472.77 Safari/537.36"
::1 - - [01/Jun/2021:15:03:12 +0000] "POST /posts/create-post HTTP/1.1" 302 96 "http://localhost:8005/home" "Mozilla/5.0 (X11; Linux x86_64) AppleWebKit/537.36 (KHTML, like Gecko) Chrome/91.0.4472.77 Safari/537.36"
::1 - - [01/Jun/2021:15:03:12 +0000] "GET /home HTTP/1.1" 200 14429 "http://localhost:8005/home" "Mozilla/5.0 (X11; Linux x86_64) AppleWebKit/537.36 (KHTML, like Gecko) Chrome/91.0.4472.77 Safari/537.36"
::1 - - [01/Jun/2021:15:03:16 +0000] "GET /like/toggle/?id=60b64c3047f7138b6606288a&type=Post HTTP/1.1" 200 58 "http://localhost:8005/home" "Mozilla/5.0 (X11; Linux x86_64) AppleWebKit/537.36 (KHTML, like Gecko) Chrome/91.0.4472.77 Safari/537.36"
::1 - - [01/Jun/2021:15:06:18 +0000] "GET /like/toggle/?id=60b62197b2bafd5d659d203e&type=Post HTTP/1.1" 304 - "http://localhost:8005/home" "Mozilla/5.0 (X11; Linux x86_64) AppleWebKit/537.36 (KHTML, like Gecko) Chrome/91.0.4472.77 Safari/537.36"
::1 - - [01/Jun/2021:15:06:25 +0000] "POST /comments/create-comment HTTP/1.1" 302 96 "http://localhost:8005/home" "Mozilla/5.0 (X11; Linux x86_64) AppleWebKit/537.36 (KHTML, like Gecko) Chrome/91.0.4472.77 Safari/537.36"
::1 - - [01/Jun/2021:15:06:25 +0000] "GET /home HTTP/1.1" 200 15215 "http://localhost:8005/home" "Mozilla/5.0 (X11; Linux x86_64) AppleWebKit/537.36 (KHTML, like Gecko) Chrome/91.0.4472.77 Safari/537.36"
::1 - - [01/Jun/2021:15:06:28 +0000] "GET /like/toggle/?id=60b64cf147f7138b6606288f&type=Comment HTTP/1.1" 200 58 "http://localhost:8005/home" "Mozilla/5.0 (X11; Linux x86_64) AppleWebKit/537.36 (KHTML, like Gecko) Chrome/91.0.4472.77 Safari/537.36"
::1 - - [01/Jun/2021:15:06:31 +0000] "GET /user/sign-out HTTP/1.1" 302 46 "http://localhost:8005/home" "Mozilla/5.0 (X11; Linux x86_64) AppleWebKit/537.36 (KHTML, like Gecko) Chrome/91.0.4472.77 Safari/537.36"
::1 - - [01/Jun/2021:15:06:31 +0000] "GET / HTTP/1.1" 304 - "http://localhost:8005/home" "Mozilla/5.0 (X11; Linux x86_64) AppleWebKit/537.36 (KHTML, like Gecko) Chrome/91.0.4472.77 Safari/537.36"
::1 - - [01/Jun/2021:15:06:32 +0000] "GET /sign-in HTTP/1.1" 304 - "http://localhost:8005/" "Mozilla/5.0 (X11; Linux x86_64) AppleWebKit/537.36 (KHTML, like Gecko) Chrome/91.0.4472.77 Safari/537.36"
::1 - - [01/Jun/2021:15:06:34 +0000] "GET /sign-up HTTP/1.1" 304 - "http://localhost:8005/sign-in" "Mozilla/5.0 (X11; Linux x86_64) AppleWebKit/537.36 (KHTML, like Gecko) Chrome/91.0.4472.77 Safari/537.36"
::1 - - [01/Jun/2021:15:07:00 +0000] "POST /user/create HTTP/1.1" 302 60 "http://localhost:8005/sign-up" "Mozilla/5.0 (X11; Linux x86_64) AppleWebKit/537.36 (KHTML, like Gecko) Chrome/91.0.4472.77 Safari/537.36"
::1 - - [01/Jun/2021:15:07:00 +0000] "GET /sign-in HTTP/1.1" 304 - "http://localhost:8005/sign-up" "Mozilla/5.0 (X11; Linux x86_64) AppleWebKit/537.36 (KHTML, like Gecko) Chrome/91.0.4472.77 Safari/537.36"
::1 - - [01/Jun/2021:15:07:13 +0000] "POST /user/create-session HTTP/1.1" 302 60 "http://localhost:8005/sign-in" "Mozilla/5.0 (X11; Linux x86_64) AppleWebKit/537.36 (KHTML, like Gecko) Chrome/91.0.4472.77 Safari/537.36"
::1 - - [01/Jun/2021:15:07:13 +0000] "GET /sign-in HTTP/1.1" 200 3727 "http://localhost:8005/sign-in" "Mozilla/5.0 (X11; Linux x86_64) AppleWebKit/537.36 (KHTML, like Gecko) Chrome/91.0.4472.77 Safari/537.36"
::1 - - [01/Jun/2021:15:07:20 +0000] "POST /user/create-session HTTP/1.1" 302 54 "http://localhost:8005/sign-in" "Mozilla/5.0 (X11; Linux x86_64) AppleWebKit/537.36 (KHTML, like Gecko) Chrome/91.0.4472.77 Safari/537.36"
::1 - - [01/Jun/2021:15:07:20 +0000] "GET /home HTTP/1.1" 200 15226 "http://localhost:8005/sign-in" "Mozilla/5.0 (X11; Linux x86_64) AppleWebKit/537.36 (KHTML, like Gecko) Chrome/91.0.4472.77 Safari/537.36"
::1 - - [01/Jun/2021:15:07:25 +0000] "GET /user/profile/60b64d1447f7138b66062893 HTTP/1.1" 200 8947 "http://localhost:8005/home" "Mozilla/5.0 (X11; Linux x86_64) AppleWebKit/537.36 (KHTML, like Gecko) Chrome/91.0.4472.77 Safari/537.36"
::1 - - [01/Jun/2021:15:07:34 +0000] "POST /user/update/60b64d1447f7138b66062893 HTTP/1.1" 302 162 "http://localhost:8005/user/profile/60b64d1447f7138b66062893" "Mozilla/5.0 (X11; Linux x86_64) AppleWebKit/537.36 (KHTML, like Gecko) Chrome/91.0.4472.77 Safari/537.36"
::1 - - [01/Jun/2021:15:07:34 +0000] "GET /user/profile/60b64d1447f7138b66062893 HTTP/1.1" 200 8893 "http://localhost:8005/user/profile/60b64d1447f7138b66062893" "Mozilla/5.0 (X11; Linux x86_64) AppleWebKit/537.36 (KHTML, like Gecko) Chrome/91.0.4472.77 Safari/537.36"
::1 - - [01/Jun/2021:15:07:37 +0000] "GET /logo-action HTTP/1.1" 302 54 "http://localhost:8005/user/profile/60b64d1447f7138b66062893" "Mozilla/5.0 (X11; Linux x86_64) AppleWebKit/537.36 (KHTML, like Gecko) Chrome/91.0.4472.77 Safari/537.36"
::1 - - [01/Jun/2021:15:07:37 +0000] "GET /home HTTP/1.1" 200 14873 "http://localhost:8005/user/profile/60b64d1447f7138b66062893" "Mozilla/5.0 (X11; Linux x86_64) AppleWebKit/537.36 (KHTML, like Gecko) Chrome/91.0.4472.77 Safari/537.36"
::1 - - [01/Jun/2021:15:08:22 +0000] "POST /posts/create-post HTTP/1.1" 302 96 "http://localhost:8005/home" "Mozilla/5.0 (X11; Linux x86_64) AppleWebKit/537.36 (KHTML, like Gecko) Chrome/91.0.4472.77 Safari/537.36"
::1 - - [01/Jun/2021:15:08:22 +0000] "GET /home HTTP/1.1" 200 18472 "http://localhost:8005/home" "Mozilla/5.0 (X11; Linux x86_64) AppleWebKit/537.36 (KHTML, like Gecko) Chrome/91.0.4472.77 Safari/537.36"
::1 - - [01/Jun/2021:15:08:35 +0000] "GET /like/toggle/?id=60b64d6647f7138b66062894&type=Post HTTP/1.1" 200 58 "http://localhost:8005/home" "Mozilla/5.0 (X11; Linux x86_64) AppleWebKit/537.36 (KHTML, like Gecko) Chrome/91.0.4472.77 Safari/537.36"
::1 - - [01/Jun/2021:15:08:43 +0000] "GET /home HTTP/1.1" 200 18186 "http://localhost:8005/home" "Mozilla/5.0 (X11; Linux x86_64) AppleWebKit/537.36 (KHTML, like Gecko) Chrome/91.0.4472.77 Safari/537.36"
::1 - - [01/Jun/2021:15:09:00 +0000] "GET /like/toggle/?id=60b64c3047f7138b6606288a&type=Post HTTP/1.1" 304 - "http://localhost:8005/home" "Mozilla/5.0 (X11; Linux x86_64) AppleWebKit/537.36 (KHTML, like Gecko) Chrome/91.0.4472.77 Safari/537.36"
::1 - - [01/Jun/2021:15:09:02 +0000] "GET /like/toggle/?id=60b62197b2bafd5d659d203e&type=Post HTTP/1.1" 304 - "http://localhost:8005/home" "Mozilla/5.0 (X11; Linux x86_64) AppleWebKit/537.36 (KHTML, like Gecko) Chrome/91.0.4472.77 Safari/537.36"
::1 - - [01/Jun/2021:15:09:16 +0000] "GET /user/sign-out HTTP/1.1" 302 46 "http://localhost:8005/home" "Mozilla/5.0 (X11; Linux x86_64) AppleWebKit/537.36 (KHTML, like Gecko) Chrome/91.0.4472.77 Safari/537.36"
::1 - - [01/Jun/2021:15:09:16 +0000] "GET / HTTP/1.1" 304 - "http://localhost:8005/home" "Mozilla/5.0 (X11; Linux x86_64) AppleWebKit/537.36 (KHTML, like Gecko) Chrome/91.0.4472.77 Safari/537.36"
::1 - - [01/Jun/2021:15:09:20 +0000] "GET /sign-in HTTP/1.1" 200 3443 "http://localhost:8005/" "Mozilla/5.0 (X11; Linux x86_64) AppleWebKit/537.36 (KHTML, like Gecko) Chrome/91.0.4472.77 Safari/537.36"
::1 - - [01/Jun/2021:15:09:21 +0000] "GET /sign-up HTTP/1.1" 304 - "http://localhost:8005/sign-in" "Mozilla/5.0 (X11; Linux x86_64) AppleWebKit/537.36 (KHTML, like Gecko) Chrome/91.0.4472.77 Safari/537.36"
::1 - - [01/Jun/2021:15:09:57 +0000] "POST /user/create HTTP/1.1" 302 60 "http://localhost:8005/sign-up" "Mozilla/5.0 (X11; Linux x86_64) AppleWebKit/537.36 (KHTML, like Gecko) Chrome/91.0.4472.77 Safari/537.36"
::1 - - [01/Jun/2021:15:09:57 +0000] "GET /sign-in HTTP/1.1" 304 - "http://localhost:8005/sign-up" "Mozilla/5.0 (X11; Linux x86_64) AppleWebKit/537.36 (KHTML, like Gecko) Chrome/91.0.4472.77 Safari/537.36"
::1 - - [01/Jun/2021:15:10:05 +0000] "POST /user/create-session HTTP/1.1" 302 60 "http://localhost:8005/sign-in" "Mozilla/5.0 (X11; Linux x86_64) AppleWebKit/537.36 (KHTML, like Gecko) Chrome/91.0.4472.77 Safari/537.36"
::1 - - [01/Jun/2021:15:10:05 +0000] "GET /sign-in HTTP/1.1" 200 3727 "http://localhost:8005/sign-in" "Mozilla/5.0 (X11; Linux x86_64) AppleWebKit/537.36 (KHTML, like Gecko) Chrome/91.0.4472.77 Safari/537.36"
::1 - - [01/Jun/2021:15:10:13 +0000] "POST /user/create-session HTTP/1.1" 302 54 "http://localhost:8005/sign-in" "Mozilla/5.0 (X11; Linux x86_64) AppleWebKit/537.36 (KHTML, like Gecko) Chrome/91.0.4472.77 Safari/537.36"
::1 - - [01/Jun/2021:15:10:13 +0000] "GET /home HTTP/1.1" 200 18450 "http://localhost:8005/sign-in" "Mozilla/5.0 (X11; Linux x86_64) AppleWebKit/537.36 (KHTML, like Gecko) Chrome/91.0.4472.77 Safari/537.36"
::1 - - [01/Jun/2021:15:10:17 +0000] "GET /like/toggle/?id=60b64d6647f7138b66062894&type=Post HTTP/1.1" 304 - "http://localhost:8005/home" "Mozilla/5.0 (X11; Linux x86_64) AppleWebKit/537.36 (KHTML, like Gecko) Chrome/91.0.4472.77 Safari/537.36"
::1 - - [01/Jun/2021:15:10:26 +0000] "POST /comments/create-comment HTTP/1.1" 302 96 "http://localhost:8005/home" "Mozilla/5.0 (X11; Linux x86_64) AppleWebKit/537.36 (KHTML, like Gecko) Chrome/91.0.4472.77 Safari/537.36"
::1 - - [01/Jun/2021:15:10:26 +0000] "GET /home HTTP/1.1" 200 19295 "http://localhost:8005/home" "Mozilla/5.0 (X11; Linux x86_64) AppleWebKit/537.36 (KHTML, like Gecko) Chrome/91.0.4472.77 Safari/537.36"
::1 - - [01/Jun/2021:15:10:46 +0000] "POST /posts/create-post HTTP/1.1" 302 96 "http://localhost:8005/home" "Mozilla/5.0 (X11; Linux x86_64) AppleWebKit/537.36 (KHTML, like Gecko) Chrome/91.0.4472.77 Safari/537.36"
::1 - - [01/Jun/2021:15:10:46 +0000] "GET /home HTTP/1.1" 200 22875 "http://localhost:8005/home" "Mozilla/5.0 (X11; Linux x86_64) AppleWebKit/537.36 (KHTML, like Gecko) Chrome/91.0.4472.77 Safari/537.36"
::1 - - [01/Jun/2021:15:11:18 +0000] "GET /home HTTP/1.1" 200 22602 "http://localhost:8005/home" "Mozilla/5.0 (X11; Linux x86_64) AppleWebKit/537.36 (KHTML, like Gecko) Chrome/91.0.4472.77 Safari/537.36"
::1 - - [01/Jun/2021:15:12:11 +0000] "GET /home HTTP/1.1" 200 22593 "http://localhost:8005/home" "Mozilla/5.0 (X11; Linux x86_64) AppleWebKit/537.36 (KHTML, like Gecko) Chrome/91.0.4472.77 Safari/537.36"
::1 - - [01/Jun/2021:15:13:43 +0000] "GET /home HTTP/1.1" 304 - "http://localhost:8005/home" "Mozilla/5.0 (X11; Linux x86_64) AppleWebKit/537.36 (KHTML, like Gecko) Chrome/91.0.4472.77 Safari/537.36"
::1 - - [01/Jun/2021:15:14:27 +0000] "GET /home HTTP/1.1" 304 - "http://localhost:8005/home" "Mozilla/5.0 (X11; Linux x86_64) AppleWebKit/537.36 (KHTML, like Gecko) Chrome/91.0.4472.77 Safari/537.36"
::1 - - [01/Jun/2021:15:15:54 +0000] "GET /home HTTP/1.1" 200 22602 "http://localhost:8005/home" "Mozilla/5.0 (X11; Linux x86_64) AppleWebKit/537.36 (KHTML, like Gecko) Chrome/91.0.4472.77 Safari/537.36"
::1 - - [01/Jun/2021:15:16:15 +0000] "GET /home HTTP/1.1" 304 - "http://localhost:8005/home" "Mozilla/5.0 (X11; Linux x86_64) AppleWebKit/537.36 (KHTML, like Gecko) Chrome/91.0.4472.77 Safari/537.36"
::1 - - [01/Jun/2021:15:16:29 +0000] "GET /home HTTP/1.1" 200 22576 "http://localhost:8005/home" "Mozilla/5.0 (X11; Linux x86_64) AppleWebKit/537.36 (KHTML, like Gecko) Chrome/91.0.4472.77 Safari/537.36"
::1 - - [01/Jun/2021:15:16:35 +0000] "GET /home HTTP/1.1" 200 22602 "http://localhost:8005/home" "Mozilla/5.0 (X11; Linux x86_64) AppleWebKit/537.36 (KHTML, like Gecko) Chrome/91.0.4472.77 Safari/537.36"
::1 - - [01/Jun/2021:15:17:51 +0000] "GET /home HTTP/1.1" 200 22632 "http://localhost:8005/home" "Mozilla/5.0 (X11; Linux x86_64) AppleWebKit/537.36 (KHTML, like Gecko) Chrome/91.0.4472.77 Safari/537.36"
::1 - - [01/Jun/2021:15:18:01 +0000] "GET /home HTTP/1.1" 304 - "http://localhost:8005/home" "Mozilla/5.0 (X11; Linux x86_64) AppleWebKit/537.36 (KHTML, like Gecko) Chrome/91.0.4472.77 Safari/537.36"
::1 - - [01/Jun/2021:15:18:08 +0000] "POST /posts/create-post HTTP/1.1" 302 96 "http://localhost:8005/home" "Mozilla/5.0 (X11; Linux x86_64) AppleWebKit/537.36 (KHTML, like Gecko) Chrome/91.0.4472.77 Safari/537.36"
::1 - - [01/Jun/2021:15:18:08 +0000] "GET /home HTTP/1.1" 200 26178 "http://localhost:8005/home" "Mozilla/5.0 (X11; Linux x86_64) AppleWebKit/537.36 (KHTML, like Gecko) Chrome/91.0.4472.77 Safari/537.36"
::1 - - [01/Jun/2021:15:18:12 +0000] "GET /posts/destroy/60b64fb006ad7a8f6dd746f4 HTTP/1.1" 302 96 "http://localhost:8005/home" "Mozilla/5.0 (X11; Linux x86_64) AppleWebKit/537.36 (KHTML, like Gecko) Chrome/91.0.4472.77 Safari/537.36"
::1 - - [01/Jun/2021:15:18:12 +0000] "GET /home HTTP/1.1" 200 22907 "http://localhost:8005/home" "Mozilla/5.0 (X11; Linux x86_64) AppleWebKit/537.36 (KHTML, like Gecko) Chrome/91.0.4472.77 Safari/537.36"
::1 - - [01/Jun/2021:15:19:04 +0000] "GET /home HTTP/1.1" 200 22632 "http://localhost:8005/home" "Mozilla/5.0 (X11; Linux x86_64) AppleWebKit/537.36 (KHTML, like Gecko) Chrome/91.0.4472.77 Safari/537.36"
::1 - - [01/Jun/2021:15:19:29 +0000] "POST /posts/create-post HTTP/1.1" 302 96 "http://localhost:8005/home" "Mozilla/5.0 (X11; Linux x86_64) AppleWebKit/537.36 (KHTML, like Gecko) Chrome/91.0.4472.77 Safari/537.36"
::1 - - [01/Jun/2021:15:19:29 +0000] "GET /home HTTP/1.1" 200 26206 "http://localhost:8005/home" "Mozilla/5.0 (X11; Linux x86_64) AppleWebKit/537.36 (KHTML, like Gecko) Chrome/91.0.4472.77 Safari/537.36"
::1 - - [01/Jun/2021:15:19:46 +0000] "GET /user/profile/60b64dc547f7138b6606289b HTTP/1.1" 200 14857 "http://localhost:8005/home" "Mozilla/5.0 (X11; Linux x86_64) AppleWebKit/537.36 (KHTML, like Gecko) Chrome/91.0.4472.77 Safari/537.36"
::1 - - [01/Jun/2021:15:19:52 +0000] "POST /user/update/60b64dc547f7138b6606289b HTTP/1.1" 302 162 "http://localhost:8005/user/profile/60b64dc547f7138b6606289b" "Mozilla/5.0 (X11; Linux x86_64) AppleWebKit/537.36 (KHTML, like Gecko) Chrome/91.0.4472.77 Safari/537.36"
::1 - - [01/Jun/2021:15:19:52 +0000] "GET /user/profile/60b64dc547f7138b6606289b HTTP/1.1" 200 14695 "http://localhost:8005/user/profile/60b64dc547f7138b6606289b" "Mozilla/5.0 (X11; Linux x86_64) AppleWebKit/537.36 (KHTML, like Gecko) Chrome/91.0.4472.77 Safari/537.36"
::1 - - [01/Jun/2021:15:19:54 +0000] "GET /logo-action HTTP/1.1" 302 54 "http://localhost:8005/user/profile/60b64dc547f7138b6606289b" "Mozilla/5.0 (X11; Linux x86_64) AppleWebKit/537.36 (KHTML, like Gecko) Chrome/91.0.4472.77 Safari/537.36"
::1 - - [01/Jun/2021:15:19:54 +0000] "GET /home HTTP/1.1" 200 25681 "http://localhost:8005/user/profile/60b64dc547f7138b6606289b" "Mozilla/5.0 (X11; Linux x86_64) AppleWebKit/537.36 (KHTML, like Gecko) Chrome/91.0.4472.77 Safari/537.36"
::1 - - [01/Jun/2021:15:20:02 +0000] "GET /user/sign-out HTTP/1.1" 302 46 "http://localhost:8005/home" "Mozilla/5.0 (X11; Linux x86_64) AppleWebKit/537.36 (KHTML, like Gecko) Chrome/91.0.4472.77 Safari/537.36"
::1 - - [01/Jun/2021:15:20:02 +0000] "GET / HTTP/1.1" 304 - "http://localhost:8005/home" "Mozilla/5.0 (X11; Linux x86_64) AppleWebKit/537.36 (KHTML, like Gecko) Chrome/91.0.4472.77 Safari/537.36"
::1 - - [01/Jun/2021:15:20:03 +0000] "GET /sign-in HTTP/1.1" 200 3443 "http://localhost:8005/" "Mozilla/5.0 (X11; Linux x86_64) AppleWebKit/537.36 (KHTML, like Gecko) Chrome/91.0.4472.77 Safari/537.36"
::1 - - [01/Jun/2021:15:20:09 +0000] "POST /user/create-session HTTP/1.1" 302 60 "http://localhost:8005/sign-in" "Mozilla/5.0 (X11; Linux x86_64) AppleWebKit/537.36 (KHTML, like Gecko) Chrome/91.0.4472.77 Safari/537.36"
::1 - - [01/Jun/2021:15:20:09 +0000] "GET /sign-in HTTP/1.1" 200 3727 "http://localhost:8005/sign-in" "Mozilla/5.0 (X11; Linux x86_64) AppleWebKit/537.36 (KHTML, like Gecko) Chrome/91.0.4472.77 Safari/537.36"
::1 - - [01/Jun/2021:15:20:14 +0000] "POST /user/create-session HTTP/1.1" 302 54 "http://localhost:8005/sign-in" "Mozilla/5.0 (X11; Linux x86_64) AppleWebKit/537.36 (KHTML, like Gecko) Chrome/91.0.4472.77 Safari/537.36"
::1 - - [01/Jun/2021:15:20:15 +0000] "GET /home HTTP/1.1" 200 25321 "http://localhost:8005/sign-in" "Mozilla/5.0 (X11; Linux x86_64) AppleWebKit/537.36 (KHTML, like Gecko) Chrome/91.0.4472.77 Safari/537.36"
::1 - - [01/Jun/2021:15:20:18 +0000] "GET /like/toggle/?id=60b65001c4890b911b676bbb&type=Post HTTP/1.1" 200 58 "http://localhost:8005/home" "Mozilla/5.0 (X11; Linux x86_64) AppleWebKit/537.36 (KHTML, like Gecko) Chrome/91.0.4472.77 Safari/537.36"
::1 - - [01/Jun/2021:15:21:12 +0000] "POST /posts/create-post HTTP/1.1" 302 96 "http://localhost:8005/home" "Mozilla/5.0 (X11; Linux x86_64) AppleWebKit/537.36 (KHTML, like Gecko) Chrome/91.0.4472.77 Safari/537.36"
::1 - - [01/Jun/2021:15:21:12 +0000] "GET /home HTTP/1.1" 200 28621 "http://localhost:8005/home" "Mozilla/5.0 (X11; Linux x86_64) AppleWebKit/537.36 (KHTML, like Gecko) Chrome/91.0.4472.77 Safari/537.36"
::1 - - [01/Jun/2021:15:21:23 +0000] "GET /like/toggle/?id=60b65068c4890b911b676bbe&type=Post HTTP/1.1" 200 58 "http://localhost:8005/home" "Mozilla/5.0 (X11; Linux x86_64) AppleWebKit/537.36 (KHTML, like Gecko) Chrome/91.0.4472.77 Safari/537.36"
::1 - - [01/Jun/2021:15:21:38 +0000] "GET /home HTTP/1.1" 200 28335 "http://localhost:8005/home" "Mozilla/5.0 (X11; Linux x86_64) AppleWebKit/537.36 (KHTML, like Gecko) Chrome/91.0.4472.77 Safari/537.36"
::1 - - [01/Jun/2021:15:21:46 +0000] "GET /user/profile/60b61f75bbd88d577bea138d HTTP/1.1" 200 10423 "http://localhost:8005/home" "Mozilla/5.0 (X11; Linux x86_64) AppleWebKit/537.36 (KHTML, like Gecko) Chrome/91.0.4472.77 Safari/537.36"
::1 - - [01/Jun/2021:15:21:50 +0000] "GET /logo-action HTTP/1.1" 302 54 "http://localhost:8005/user/profile/60b61f75bbd88d577bea138d" "Mozilla/5.0 (X11; Linux x86_64) AppleWebKit/537.36 (KHTML, like Gecko) Chrome/91.0.4472.77 Safari/537.36"
::1 - - [01/Jun/2021:15:21:50 +0000] "GET /home HTTP/1.1" 304 - "http://localhost:8005/user/profile/60b61f75bbd88d577bea138d" "Mozilla/5.0 (X11; Linux x86_64) AppleWebKit/537.36 (KHTML, like Gecko) Chrome/91.0.4472.77 Safari/537.36"
::1 - - [01/Jun/2021:15:21:53 +0000] "GET /user/sign-out HTTP/1.1" 302 46 "http://localhost:8005/home" "Mozilla/5.0 (X11; Linux x86_64) AppleWebKit/537.36 (KHTML, like Gecko) Chrome/91.0.4472.77 Safari/537.36"
::1 - - [01/Jun/2021:15:21:53 +0000] "GET / HTTP/1.1" 304 - "http://localhost:8005/home" "Mozilla/5.0 (X11; Linux x86_64) AppleWebKit/537.36 (KHTML, like Gecko) Chrome/91.0.4472.77 Safari/537.36"
::1 - - [01/Jun/2021:15:21:55 +0000] "GET /sign-in HTTP/1.1" 200 3443 "http://localhost:8005/" "Mozilla/5.0 (X11; Linux x86_64) AppleWebKit/537.36 (KHTML, like Gecko) Chrome/91.0.4472.77 Safari/537.36"
::1 - - [01/Jun/2021:15:22:03 +0000] "POST /user/create-session HTTP/1.1" 302 60 "http://localhost:8005/sign-in" "Mozilla/5.0 (X11; Linux x86_64) AppleWebKit/537.36 (KHTML, like Gecko) Chrome/91.0.4472.77 Safari/537.36"
::1 - - [01/Jun/2021:15:22:03 +0000] "GET /sign-in HTTP/1.1" 200 3727 "http://localhost:8005/sign-in" "Mozilla/5.0 (X11; Linux x86_64) AppleWebKit/537.36 (KHTML, like Gecko) Chrome/91.0.4472.77 Safari/537.36"
::1 - - [01/Jun/2021:15:22:11 +0000] "POST /user/create-session HTTP/1.1" 302 54 "http://localhost:8005/sign-in" "Mozilla/5.0 (X11; Linux x86_64) AppleWebKit/537.36 (KHTML, like Gecko) Chrome/91.0.4472.77 Safari/537.36"
::1 - - [01/Jun/2021:15:22:11 +0000] "GET /home HTTP/1.1" 200 28008 "http://localhost:8005/sign-in" "Mozilla/5.0 (X11; Linux x86_64) AppleWebKit/537.36 (KHTML, like Gecko) Chrome/91.0.4472.77 Safari/537.36"
::1 - - [01/Jun/2021:15:23:43 +0000] "POST /posts/create-post HTTP/1.1" 302 96 "http://localhost:8005/home" "Mozilla/5.0 (X11; Linux x86_64) AppleWebKit/537.36 (KHTML, like Gecko) Chrome/91.0.4472.77 Safari/537.36"
::1 - - [01/Jun/2021:15:23:43 +0000] "GET /home HTTP/1.1" 200 31336 "http://localhost:8005/home" "Mozilla/5.0 (X11; Linux x86_64) AppleWebKit/537.36 (KHTML, like Gecko) Chrome/91.0.4472.77 Safari/537.36"
::1 - - [01/Jun/2021:15:23:45 +0000] "GET /like/toggle/?id=60b650ffc4890b911b676bc1&type=Post HTTP/1.1" 200 58 "http://localhost:8005/home" "Mozilla/5.0 (X11; Linux x86_64) AppleWebKit/537.36 (KHTML, like Gecko) Chrome/91.0.4472.77 Safari/537.36"
::1 - - [01/Jun/2021:15:23:59 +0000] "GET /user/sign-out HTTP/1.1" 302 46 "http://localhost:8005/home" "Mozilla/5.0 (X11; Linux x86_64) AppleWebKit/537.36 (KHTML, like Gecko) Chrome/91.0.4472.77 Safari/537.36"
::1 - - [01/Jun/2021:15:23:59 +0000] "GET / HTTP/1.1" 304 - "http://localhost:8005/home" "Mozilla/5.0 (X11; Linux x86_64) AppleWebKit/537.36 (KHTML, like Gecko) Chrome/91.0.4472.77 Safari/537.36"
::1 - - [01/Jun/2021:15:24:00 +0000] "GET /sign-in HTTP/1.1" 200 3443 "http://localhost:8005/" "Mozilla/5.0 (X11; Linux x86_64) AppleWebKit/537.36 (KHTML, like Gecko) Chrome/91.0.4472.77 Safari/537.36"
::1 - - [01/Jun/2021:15:24:02 +0000] "GET /sign-up HTTP/1.1" 304 - "http://localhost:8005/sign-in" "Mozilla/5.0 (X11; Linux x86_64) AppleWebKit/537.36 (KHTML, like Gecko) Chrome/91.0.4472.77 Safari/537.36"
::1 - - [01/Jun/2021:15:24:28 +0000] "POST /user/create HTTP/1.1" 302 60 "http://localhost:8005/sign-up" "Mozilla/5.0 (X11; Linux x86_64) AppleWebKit/537.36 (KHTML, like Gecko) Chrome/91.0.4472.77 Safari/537.36"
::1 - - [01/Jun/2021:15:24:28 +0000] "GET /sign-in HTTP/1.1" 304 - "http://localhost:8005/sign-up" "Mozilla/5.0 (X11; Linux x86_64) AppleWebKit/537.36 (KHTML, like Gecko) Chrome/91.0.4472.77 Safari/537.36"
::1 - - [01/Jun/2021:15:24:35 +0000] "POST /user/create-session HTTP/1.1" 302 54 "http://localhost:8005/sign-in" "Mozilla/5.0 (X11; Linux x86_64) AppleWebKit/537.36 (KHTML, like Gecko) Chrome/91.0.4472.77 Safari/537.36"
::1 - - [01/Jun/2021:15:24:35 +0000] "GET /home HTTP/1.1" 200 30586 "http://localhost:8005/sign-in" "Mozilla/5.0 (X11; Linux x86_64) AppleWebKit/537.36 (KHTML, like Gecko) Chrome/91.0.4472.77 Safari/537.36"
::1 - - [01/Jun/2021:15:24:38 +0000] "GET /like/toggle/?id=60b650ffc4890b911b676bc1&type=Post HTTP/1.1" 304 - "http://localhost:8005/home" "Mozilla/5.0 (X11; Linux x86_64) AppleWebKit/537.36 (KHTML, like Gecko) Chrome/91.0.4472.77 Safari/537.36"
::1 - - [01/Jun/2021:15:24:43 +0000] "POST /comments/create-comment HTTP/1.1" 302 96 "http://localhost:8005/home" "Mozilla/5.0 (X11; Linux x86_64) AppleWebKit/537.36 (KHTML, like Gecko) Chrome/91.0.4472.77 Safari/537.36"
::1 - - [01/Jun/2021:15:24:43 +0000] "GET /home HTTP/1.1" 200 31422 "http://localhost:8005/home" "Mozilla/5.0 (X11; Linux x86_64) AppleWebKit/537.36 (KHTML, like Gecko) Chrome/91.0.4472.77 Safari/537.36"
::1 - - [01/Jun/2021:15:25:11 +0000] "POST /posts/create-post HTTP/1.1" 302 96 "http://localhost:8005/home" "Mozilla/5.0 (X11; Linux x86_64) AppleWebKit/537.36 (KHTML, like Gecko) Chrome/91.0.4472.77 Safari/537.36"
::1 - - [01/Jun/2021:15:25:11 +0000] "GET /home HTTP/1.1" 200 35006 "http://localhost:8005/home" "Mozilla/5.0 (X11; Linux x86_64) AppleWebKit/537.36 (KHTML, like Gecko) Chrome/91.0.4472.77 Safari/537.36"
::1 - - [01/Jun/2021:15:26:50 +0000] "GET /user/profile/60b6512cc4890b911b676bc4 HTTP/1.1" 200 11894 "http://localhost:8005/home" "Mozilla/5.0 (X11; Linux x86_64) AppleWebKit/537.36 (KHTML, like Gecko) Chrome/91.0.4472.77 Safari/537.36"
::1 - - [01/Jun/2021:15:26:59 +0000] "POST /user/update/60b6512cc4890b911b676bc4 HTTP/1.1" 302 162 "http://localhost:8005/user/profile/60b6512cc4890b911b676bc4" "Mozilla/5.0 (X11; Linux x86_64) AppleWebKit/537.36 (KHTML, like Gecko) Chrome/91.0.4472.77 Safari/537.36"
::1 - - [01/Jun/2021:15:26:59 +0000] "GET /user/profile/60b6512cc4890b911b676bc4 HTTP/1.1" 200 11786 "http://localhost:8005/user/profile/60b6512cc4890b911b676bc4" "Mozilla/5.0 (X11; Linux x86_64) AppleWebKit/537.36 (KHTML, like Gecko) Chrome/91.0.4472.77 Safari/537.36"
::1 - - [01/Jun/2021:15:27:03 +0000] "GET /logo-action HTTP/1.1" 302 54 "http://localhost:8005/user/profile/60b6512cc4890b911b676bc4" "Mozilla/5.0 (X11; Linux x86_64) AppleWebKit/537.36 (KHTML, like Gecko) Chrome/91.0.4472.77 Safari/537.36"
::1 - - [01/Jun/2021:15:27:03 +0000] "GET /home HTTP/1.1" 200 34427 "http://localhost:8005/user/profile/60b6512cc4890b911b676bc4" "Mozilla/5.0 (X11; Linux x86_64) AppleWebKit/537.36 (KHTML, like Gecko) Chrome/91.0.4472.77 Safari/537.36"
::1 - - [01/Jun/2021:15:27:10 +0000] "GET /user/sign-out HTTP/1.1" 302 46 "http://localhost:8005/home" "Mozilla/5.0 (X11; Linux x86_64) AppleWebKit/537.36 (KHTML, like Gecko) Chrome/91.0.4472.77 Safari/537.36"
::1 - - [01/Jun/2021:15:27:10 +0000] "GET / HTTP/1.1" 304 - "http://localhost:8005/home" "Mozilla/5.0 (X11; Linux x86_64) AppleWebKit/537.36 (KHTML, like Gecko) Chrome/91.0.4472.77 Safari/537.36"
::1 - - [01/Jun/2021:15:27:11 +0000] "GET /sign-up HTTP/1.1" 304 - "http://localhost:8005/" "Mozilla/5.0 (X11; Linux x86_64) AppleWebKit/537.36 (KHTML, like Gecko) Chrome/91.0.4472.77 Safari/537.36"
::1 - - [01/Jun/2021:15:28:38 +0000] "POST /user/create HTTP/1.1" 302 60 "http://localhost:8005/sign-up" "Mozilla/5.0 (X11; Linux x86_64) AppleWebKit/537.36 (KHTML, like Gecko) Chrome/91.0.4472.77 Safari/537.36"
::1 - - [01/Jun/2021:15:28:38 +0000] "GET /sign-in HTTP/1.1" 304 - "http://localhost:8005/sign-up" "Mozilla/5.0 (X11; Linux x86_64) AppleWebKit/537.36 (KHTML, like Gecko) Chrome/91.0.4472.77 Safari/537.36"
::1 - - [01/Jun/2021:15:28:46 +0000] "POST /user/create-session HTTP/1.1" 302 54 "http://localhost:8005/sign-in" "Mozilla/5.0 (X11; Linux x86_64) AppleWebKit/537.36 (KHTML, like Gecko) Chrome/91.0.4472.77 Safari/537.36"
::1 - - [01/Jun/2021:15:28:46 +0000] "GET /home HTTP/1.1" 200 34605 "http://localhost:8005/sign-in" "Mozilla/5.0 (X11; Linux x86_64) AppleWebKit/537.36 (KHTML, like Gecko) Chrome/91.0.4472.77 Safari/537.36"
::1 - - [01/Jun/2021:15:28:49 +0000] "GET /like/toggle/?id=60b65157c4890b911b676bc9&type=Post HTTP/1.1" 200 58 "http://localhost:8005/home" "Mozilla/5.0 (X11; Linux x86_64) AppleWebKit/537.36 (KHTML, like Gecko) Chrome/91.0.4472.77 Safari/537.36"
::1 - - [01/Jun/2021:15:30:25 +0000] "POST /posts/create-post HTTP/1.1" 302 96 "http://localhost:8005/home" "Mozilla/5.0 (X11; Linux x86_64) AppleWebKit/537.36 (KHTML, like Gecko) Chrome/91.0.4472.77 Safari/537.36"
::1 - - [01/Jun/2021:15:30:26 +0000] "GET /home HTTP/1.1" 200 37985 "http://localhost:8005/home" "Mozilla/5.0 (X11; Linux x86_64) AppleWebKit/537.36 (KHTML, like Gecko) Chrome/91.0.4472.77 Safari/537.36"
::1 - - [01/Jun/2021:15:30:35 +0000] "GET /like/toggle/?id=60b65291c4890b911b676bcd&type=Post HTTP/1.1" 200 58 "http://localhost:8005/home" "Mozilla/5.0 (X11; Linux x86_64) AppleWebKit/537.36 (KHTML, like Gecko) Chrome/91.0.4472.77 Safari/537.36"
::1 - - [01/Jun/2021:17:51:07 +0000] "GET /home HTTP/1.1" 302 46 "http://localhost:8005/home" "Mozilla/5.0 (X11; Linux x86_64) AppleWebKit/537.36 (KHTML, like Gecko) Chrome/91.0.4472.77 Safari/537.36"
::1 - - [01/Jun/2021:17:51:07 +0000] "GET / HTTP/1.1" 200 3151 "http://localhost:8005/home" "Mozilla/5.0 (X11; Linux x86_64) AppleWebKit/537.36 (KHTML, like Gecko) Chrome/91.0.4472.77 Safari/537.36"
::1 - - [01/Jun/2021:17:51:09 +0000] "GET /sign-in HTTP/1.1" 304 - "http://localhost:8005/" "Mozilla/5.0 (X11; Linux x86_64) AppleWebKit/537.36 (KHTML, like Gecko) Chrome/91.0.4472.77 Safari/537.36"
::1 - - [01/Jun/2021:17:51:17 +0000] "POST /user/create-session HTTP/1.1" 302 60 "http://localhost:8005/sign-in" "Mozilla/5.0 (X11; Linux x86_64) AppleWebKit/537.36 (KHTML, like Gecko) Chrome/91.0.4472.77 Safari/537.36"
::1 - - [01/Jun/2021:17:51:17 +0000] "GET /sign-in HTTP/1.1" 200 3727 "http://localhost:8005/sign-in" "Mozilla/5.0 (X11; Linux x86_64) AppleWebKit/537.36 (KHTML, like Gecko) Chrome/91.0.4472.77 Safari/537.36"
::1 - - [01/Jun/2021:17:51:23 +0000] "POST /user/create-session HTTP/1.1" 302 54 "http://localhost:8005/sign-in" "Mozilla/5.0 (X11; Linux x86_64) AppleWebKit/537.36 (KHTML, like Gecko) Chrome/91.0.4472.77 Safari/537.36"
::1 - - [01/Jun/2021:17:51:23 +0000] "GET /home HTTP/1.1" 200 38544 "http://localhost:8005/sign-in" "Mozilla/5.0 (X11; Linux x86_64) AppleWebKit/537.36 (KHTML, like Gecko) Chrome/91.0.4472.77 Safari/537.36"
::1 - - [01/Jun/2021:17:51:33 +0000] "GET /user/sign-out HTTP/1.1" 302 46 "http://localhost:8005/home" "Mozilla/5.0 (X11; Linux x86_64) AppleWebKit/537.36 (KHTML, like Gecko) Chrome/91.0.4472.77 Safari/537.36"
::1 - - [01/Jun/2021:17:51:33 +0000] "GET / HTTP/1.1" 200 3424 "http://localhost:8005/home" "Mozilla/5.0 (X11; Linux x86_64) AppleWebKit/537.36 (KHTML, like Gecko) Chrome/91.0.4472.77 Safari/537.36"
::1 - - [01/Jun/2021:17:51:36 +0000] "GET /discover HTTP/1.1" 200 8703 "http://localhost:8005/" "Mozilla/5.0 (X11; Linux x86_64) AppleWebKit/537.36 (KHTML, like Gecko) Chrome/91.0.4472.77 Safari/537.36"
::1 - - [01/Jun/2021:17:51:41 +0000] "GET /sign-in HTTP/1.1" 200 3443 "http://localhost:8005/discover" "Mozilla/5.0 (X11; Linux x86_64) AppleWebKit/537.36 (KHTML, like Gecko) Chrome/91.0.4472.77 Safari/537.36"
::1 - - [01/Jun/2021:17:51:47 +0000] "POST /user/create-session HTTP/1.1" 302 54 "http://localhost:8005/sign-in" "Mozilla/5.0 (X11; Linux x86_64) AppleWebKit/537.36 (KHTML, like Gecko) Chrome/91.0.4472.77 Safari/537.36"
::1 - - [01/Jun/2021:17:51:48 +0000] "GET /home HTTP/1.1" 200 37971 "http://localhost:8005/sign-in" "Mozilla/5.0 (X11; Linux x86_64) AppleWebKit/537.36 (KHTML, like Gecko) Chrome/91.0.4472.77 Safari/537.36"
::1 - - [01/Jun/2021:17:52:23 +0000] "GET /user/profile/60b65226c4890b911b676bca HTTP/1.1" 200 11953 "http://localhost:8005/home" "Mozilla/5.0 (X11; Linux x86_64) AppleWebKit/537.36 (KHTML, like Gecko) Chrome/91.0.4472.77 Safari/537.36"
::1 - - [01/Jun/2021:17:52:30 +0000] "POST /user/update/60b65226c4890b911b676bca HTTP/1.1" 302 162 "http://localhost:8005/user/profile/60b65226c4890b911b676bca" "Mozilla/5.0 (X11; Linux x86_64) AppleWebKit/537.36 (KHTML, like Gecko) Chrome/91.0.4472.77 Safari/537.36"
::1 - - [01/Jun/2021:17:52:30 +0000] "GET /user/profile/60b65226c4890b911b676bca HTTP/1.1" 200 11845 "http://localhost:8005/user/profile/60b65226c4890b911b676bca" "Mozilla/5.0 (X11; Linux x86_64) AppleWebKit/537.36 (KHTML, like Gecko) Chrome/91.0.4472.77 Safari/537.36"
::1 - - [01/Jun/2021:17:52:33 +0000] "GET /logo-action HTTP/1.1" 302 54 "http://localhost:8005/user/profile/60b65226c4890b911b676bca" "Mozilla/5.0 (X11; Linux x86_64) AppleWebKit/537.36 (KHTML, like Gecko) Chrome/91.0.4472.77 Safari/537.36"
::1 - - [01/Jun/2021:17:52:33 +0000] "GET /home HTTP/1.1" 200 37402 "http://localhost:8005/user/profile/60b65226c4890b911b676bca" "Mozilla/5.0 (X11; Linux x86_64) AppleWebKit/537.36 (KHTML, like Gecko) Chrome/91.0.4472.77 Safari/537.36"
::1 - - [01/Jun/2021:17:53:23 +0000] "POST /posts/create-post HTTP/1.1" 302 96 "http://localhost:8005/home" "Mozilla/5.0 (X11; Linux x86_64) AppleWebKit/537.36 (KHTML, like Gecko) Chrome/91.0.4472.77 Safari/537.36"
::1 - - [01/Jun/2021:17:53:23 +0000] "GET /home HTTP/1.1" 200 41235 "http://localhost:8005/home" "Mozilla/5.0 (X11; Linux x86_64) AppleWebKit/537.36 (KHTML, like Gecko) Chrome/91.0.4472.77 Safari/537.36"
::1 - - [01/Jun/2021:17:57:35 +0000] "POST /posts/create-post HTTP/1.1" 302 96 "http://localhost:8005/home" "Mozilla/5.0 (X11; Linux x86_64) AppleWebKit/537.36 (KHTML, like Gecko) Chrome/91.0.4472.77 Safari/537.36"
::1 - - [01/Jun/2021:17:57:35 +0000] "GET /home HTTP/1.1" 200 44559 "http://localhost:8005/home" "Mozilla/5.0 (X11; Linux x86_64) AppleWebKit/537.36 (KHTML, like Gecko) Chrome/91.0.4472.77 Safari/537.36"
::1 - - [01/Jun/2021:17:57:42 +0000] "GET /like/toggle/?id=60b6750fc4890b911b676bd1&type=Post HTTP/1.1" 200 58 "http://localhost:8005/home" "Mozilla/5.0 (X11; Linux x86_64) AppleWebKit/537.36 (KHTML, like Gecko) Chrome/91.0.4472.77 Safari/537.36"
::1 - - [01/Jun/2021:17:57:45 +0000] "GET /like/toggle/?id=60b67413c4890b911b676bd0&type=Post HTTP/1.1" 200 58 "http://localhost:8005/home" "Mozilla/5.0 (X11; Linux x86_64) AppleWebKit/537.36 (KHTML, like Gecko) Chrome/91.0.4472.77 Safari/537.36"
::1 - - [01/Jun/2021:17:59:15 +0000] "GET /like/toggle/?id=60b65068c4890b911b676bbe&type=Post HTTP/1.1" 304 - "http://localhost:8005/home" "Mozilla/5.0 (X11; Linux x86_64) AppleWebKit/537.36 (KHTML, like Gecko) Chrome/91.0.4472.77 Safari/537.36"
::1 - - [01/Jun/2021:17:59:16 +0000] "GET /like/toggle/?id=60b65001c4890b911b676bbb&type=Post HTTP/1.1" 304 - "http://localhost:8005/home" "Mozilla/5.0 (X11; Linux x86_64) AppleWebKit/537.36 (KHTML, like Gecko) Chrome/91.0.4472.77 Safari/537.36"
::1 - - [01/Jun/2021:17:59:19 +0000] "GET /like/toggle/?id=60b64df647f7138b660628a0&type=Post HTTP/1.1" 200 58 "http://localhost:8005/home" "Mozilla/5.0 (X11; Linux x86_64) AppleWebKit/537.36 (KHTML, like Gecko) Chrome/91.0.4472.77 Safari/537.36"
::1 - - [01/Jun/2021:17:59:22 +0000] "GET /like/toggle/?id=60b64d6647f7138b66062894&type=Post HTTP/1.1" 304 - "http://localhost:8005/home" "Mozilla/5.0 (X11; Linux x86_64) AppleWebKit/537.36 (KHTML, like Gecko) Chrome/91.0.4472.77 Safari/537.36"
::1 - - [01/Jun/2021:17:59:25 +0000] "GET /like/toggle/?id=60b64c3047f7138b6606288a&type=Post HTTP/1.1" 304 - "http://localhost:8005/home" "Mozilla/5.0 (X11; Linux x86_64) AppleWebKit/537.36 (KHTML, like Gecko) Chrome/91.0.4472.77 Safari/537.36"
::1 - - [01/Jun/2021:17:59:27 +0000] "GET /like/toggle/?id=60b62197b2bafd5d659d203e&type=Post HTTP/1.1" 304 - "http://localhost:8005/home" "Mozilla/5.0 (X11; Linux x86_64) AppleWebKit/537.36 (KHTML, like Gecko) Chrome/91.0.4472.77 Safari/537.36"
