[0mGET / [32m200[0m 244.251 ms - 3151[0m
[0mGET /favicon.ico [33m404[0m 311.194 ms - 150[0m
[0mGET /sign-in [36m304[0m 560.758 ms - -[0m
[0mPOST /user/create-session [36m302[0m 704.534 ms - 54[0m
[0mGET /home [32m200[0m 3306.439 ms - 49825[0m
[0mGET /uploads/users/avatars/avatar-1622625767929 [33m404[0m 606.812 ms - 181[0m
[0mGET /uploads/posts/media-1622627777205 [33m404[0m 694.421 ms - 172[0m
[0mGET /uploads/users/avatars/avatar-1622627444466 [33m404[0m 793.265 ms - 181[0m
[0mGET /uploads/posts/media-1622627584918 [33m404[0m 818.521 ms - 172[0m
[0mGET /uploads/posts/media-1622627319942 [33m404[0m 771.982 ms - 172[0m
[0mGET /uploads/users/avatars/avatar-1622626069037 [33m404[0m 637.874 ms - 181[0m
[0mGET /uploads/users/avatars/avatar-1622626416295 [33m404[0m 1219.035 ms - 181[0m
[0mGET /uploads/users/avatars/avatar-1622625228536 [33m404[0m 1124.225 ms - 181[0m
[0mGET /uploads/users/avatars/avatar-1622626851248 [33m404[0m 1028.973 ms - 181[0m
[0mGET /uploads/posts/media-1622627076912 [33m404[0m 980.516 ms - 172[0m
[0mGET /uploads/posts/media-1622626891406 [33m404[0m 1006.227 ms - 172[0m
[0mGET /uploads/posts/media-1622626745499 [33m404[0m 1222.006 ms - 172[0m
[0mGET /uploads/posts/media-1622626329334 [33m404[0m 571.923 ms - 172[0m
[0mGET /uploads/posts/media-1622626586151 [33m404[0m 590.689 ms - 172[0m
[0mGET /uploads/posts/media-1622626121416 [33m404[0m 592.135 ms - 172[0m
[0mGET /uploads/posts/media-1622625913694 [33m404[0m 661.191 ms - 172[0m
[0mGET /uploads/posts/media-1622625806910 [33m404[0m 1021.347 ms - 172[0m
[0mGET /uploads/posts/media-1622625590635 [33m404[0m 766.117 ms - 172[0m
[0mGET /uploads/posts/media-1622625393928 [33m404[0m 853.288 ms - 172[0m
[0mGET /home [32m200[0m 2228.346 ms - 49553[0m
[0mGET /uploads/posts/media-1622627777205 [33m404[0m 592.737 ms - 172[0m
[0mGET /uploads/posts/media-1622627584918 [33m404[0m 585.148 ms - 172[0m
[0mGET /uploads/users/avatars/avatar-1622625767929 [33m404[0m 611.895 ms - 181[0m
[0mGET /uploads/users/avatars/avatar-1622627444466 [33m404[0m 623.070 ms - 181[0m
[0mGET /uploads/users/avatars/avatar-1622625228536 [33m404[0m 600.503 ms - 181[0m
[0mGET /uploads/posts/media-1622627319942 [33m404[0m 1149.038 ms - 172[0m
[0mGET /uploads/users/avatars/avatar-1622626851248 [33m404[0m 576.269 ms - 181[0m
[0mGET /uploads/users/avatars/avatar-1622626069037 [33m404[0m 592.278 ms - 181[0m
[0mGET /uploads/posts/media-1622627076912 [33m404[0m 582.763 ms - 172[0m
[0mGET /uploads/users/avatars/avatar-1622626416295 [33m404[0m 602.980 ms - 181[0m
[0mGET /uploads/posts/media-1622626891406 [33m404[0m 613.413 ms - 172[0m
[0mGET /uploads/posts/media-1622626329334 [33m404[0m 627.614 ms - 172[0m
[0mGET /uploads/posts/media-1622626586151 [33m404[0m 644.549 ms - 172[0m
[0mGET /uploads/posts/media-1622626745499 [33m404[0m 700.037 ms - 172[0m
[0mGET /uploads/posts/media-1622625913694 [33m404[0m 902.103 ms - 172[0m
[0mGET /uploads/posts/media-1622625806910 [33m404[0m 614.288 ms - 172[0m
[0mGET /uploads/posts/media-1622625393928 [33m404[0m 630.061 ms - 172[0m
[0mGET /uploads/posts/media-1622626121416 [33m404[0m 1276.899 ms - 172[0m
[0mGET /uploads/posts/media-1622625590635 [33m404[0m 645.895 ms - 172[0m
[0mGET /home [0m-[0m - ms - -[0m
[0mGET /home [32m200[0m 2164.502 ms - 49553[0m
[0mGET /uploads/posts/media-1622627584918 [33m404[0m 585.722 ms - 172[0m
[0mGET /uploads/users/avatars/avatar-1622625767929 [33m404[0m 612.962 ms - 181[0m
[0mGET /uploads/posts/media-1622627319942 [33m404[0m 593.907 ms - 172[0m
[0mGET /uploads/posts/media-1622627777205 [33m404[0m 608.597 ms - 172[0m
[0mGET /uploads/users/avatars/avatar-1622627444466 [33m404[0m 617.536 ms - 181[0m
[0mGET /uploads/users/avatars/avatar-1622626069037 [33m404[0m 595.239 ms - 181[0m
[0mGET /uploads/users/avatars/avatar-1622626416295 [33m404[0m 643.695 ms - 181[0m
[0mGET /uploads/users/avatars/avatar-1622625228536 [33m404[0m 650.997 ms - 181[0m
[0mGET /uploads/users/avatars/avatar-1622626851248 [33m404[0m 638.997 ms - 181[0m
[0mGET /uploads/posts/media-1622627076912 [33m404[0m 641.653 ms - 172[0m
[0mGET /uploads/posts/media-1622626891406 [33m404[0m 709.989 ms - 172[0m
[0mGET /uploads/posts/media-1622626745499 [33m404[0m 858.762 ms - 172[0m
[0mGET /uploads/posts/media-1622626586151 [33m404[0m 628.684 ms - 172[0m
[0mGET /uploads/posts/media-1622626121416 [33m404[0m 624.975 ms - 172[0m
[0mGET /uploads/posts/media-1622626329334 [33m404[0m 642.498 ms - 172[0m
[0mGET /uploads/posts/media-1622625913694 [33m404[0m 632.010 ms - 172[0m
[0mGET /uploads/posts/media-1622625806910 [33m404[0m 948.040 ms - 172[0m
[0mGET /uploads/posts/media-1622625590635 [33m404[0m 673.393 ms - 172[0m
[0mGET /uploads/posts/media-1622625393928 [33m404[0m 769.442 ms - 172[0m
[0mGET /home [36m304[0m 2087.099 ms - -[0m
[0mGET /uploads/users/avatars/avatar-1622626851248 [33m404[0m 892.697 ms - 181[0m
[0mGET /uploads/posts/media-1622627319942 [33m404[0m 889.768 ms - 172[0m
[0mGET /uploads/posts/media-1622627584918 [33m404[0m 912.618 ms - 172[0m
[0mGET /uploads/users/avatars/avatar-1622625767929 [33m404[0m 930.986 ms - 181[0m
[0mGET /uploads/posts/media-1622627777205 [33m404[0m 917.744 ms - 172[0m
[0mGET /uploads/users/avatars/avatar-1622627444466 [33m404[0m 923.024 ms - 181[0m
[0mGET /uploads/users/avatars/avatar-1622625228536 [33m404[0m 788.002 ms - 181[0m
[0mGET /uploads/users/avatars/avatar-1622626069037 [33m404[0m 789.673 ms - 181[0m
[0mGET /uploads/posts/media-1622627076912 [33m404[0m 784.196 ms - 172[0m
[0mGET /uploads/users/avatars/avatar-1622626416295 [33m404[0m 790.600 ms - 181[0m
[0mGET /uploads/posts/media-1622626745499 [33m404[0m 1085.749 ms - 172[0m
[0mGET /uploads/posts/media-1622626891406 [33m404[0m 1089.503 ms - 172[0m
[0mGET /uploads/posts/media-1622626329334 [33m404[0m 794.200 ms - 172[0m
[0mGET /uploads/posts/media-1622626586151 [33m404[0m 810.187 ms - 172[0m
[0mGET /uploads/posts/media-1622625913694 [33m404[0m 795.254 ms - 172[0m
[0mGET /uploads/posts/media-1622626121416 [33m404[0m 803.677 ms - 172[0m
[0mGET /uploads/posts/media-1622625806910 [33m404[0m 888.557 ms - 172[0m
[0mGET /uploads/posts/media-1622625590635 [33m404[0m 884.534 ms - 172[0m
[0mGET /uploads/posts/media-1622625393928 [33m404[0m 675.055 ms - 172[0m
[0mGET /home [36m304[0m 2317.038 ms - -[0m
[0mGET /uploads/posts/media-1622627584918 [33m404[0m 873.072 ms - 172[0m
[0mGET /uploads/posts/media-1622627777205 [33m404[0m 885.623 ms - 172[0m
[0mGET /uploads/posts/media-1622627319942 [33m404[0m 871.920 ms - 172[0m
[0mGET /uploads/users/avatars/avatar-1622625767929 [33m404[0m 916.826 ms - 181[0m
[0mGET /uploads/users/avatars/avatar-1622626851248 [33m404[0m 875.478 ms - 181[0m
[0mGET /uploads/users/avatars/avatar-1622627444466 [33m404[0m 880.552 ms - 181[0m
[0mGET /uploads/posts/media-1622627076912 [33m404[0m 788.580 ms - 172[0m
[0mGET /uploads/users/avatars/avatar-1622626416295 [33m404[0m 813.172 ms - 181[0m
[0mGET /uploads/users/avatars/avatar-1622626069037 [33m404[0m 808.501 ms - 181[0m
[0mGET /uploads/users/avatars/avatar-1622625228536 [33m404[0m 819.004 ms - 181[0m
[0mGET /uploads/posts/media-1622626891406 [33m404[0m 1187.889 ms - 172[0m
[0mGET /uploads/posts/media-1622626745499 [33m404[0m 1189.211 ms - 172[0m
[0mGET /uploads/posts/media-1622626329334 [33m404[0m 652.495 ms - 172[0m
[0mGET /uploads/posts/media-1622626121416 [33m404[0m 656.008 ms - 172[0m
[0mGET /uploads/posts/media-1622626586151 [33m404[0m 668.479 ms - 172[0m
[0mGET /uploads/posts/media-1622625913694 [33m404[0m 661.916 ms - 172[0m
[0mGET /uploads/posts/media-1622625806910 [33m404[0m 782.243 ms - 172[0m
[0mGET /uploads/posts/media-1622625590635 [33m404[0m 777.457 ms - 172[0m
[0mGET /uploads/posts/media-1622625393928 [33m404[0m 1092.892 ms - 172[0m
[0mGET /home [36m304[0m 2188.579 ms - -[0m
[0mGET /uploads/users/avatars/avatar-1622625767929 [33m404[0m 732.827 ms - 181[0m
[0mGET /uploads/posts/media-1622627584918 [33m404[0m 720.805 ms - 172[0m
[0mGET /uploads/posts/media-1622627777205 [33m404[0m 736.782 ms - 172[0m
[0mGET /uploads/posts/media-1622627319942 [33m404[0m 725.059 ms - 172[0m
[0mGET /uploads/users/avatars/avatar-1622627444466 [33m404[0m 740.522 ms - 181[0m
[0mGET /uploads/users/avatars/avatar-1622626851248 [33m404[0m 729.811 ms - 181[0m
[0mGET /uploads/users/avatars/avatar-1622626069037 [33m404[0m 780.912 ms - 181[0m
[0mGET /uploads/users/avatars/avatar-1622625228536 [33m404[0m 800.491 ms - 181[0m
[0mGET /uploads/posts/media-1622627076912 [33m404[0m 786.667 ms - 172[0m
[0mGET /uploads/users/avatars/avatar-1622626416295 [33m404[0m 792.659 ms - 181[0m
[0mGET /uploads/posts/media-1622626745499 [33m404[0m 1211.043 ms - 172[0m
[0mGET /uploads/posts/media-1622626891406 [33m404[0m 1216.337 ms - 172[0m
[0mGET /uploads/posts/media-1622626329334 [33m404[0m 791.019 ms - 172[0m
[0mGET /uploads/posts/media-1622626586151 [33m404[0m 807.215 ms - 172[0m
[0mGET /uploads/posts/media-1622625913694 [33m404[0m 797.835 ms - 172[0m
[0mGET /uploads/posts/media-1622626121416 [33m404[0m 797.133 ms - 172[0m
[0mGET /uploads/posts/media-1622625806910 [33m404[0m 789.899 ms - 172[0m
[0mGET /uploads/posts/media-1622625590635 [33m404[0m 788.017 ms - 172[0m
[0mGET /uploads/posts/media-1622625393928 [33m404[0m 798.776 ms - 172[0m
[0mGET /home [36m304[0m 1975.875 ms - -[0m
[0mGET /uploads/users/avatars/avatar-1622627444466 [33m404[0m 748.607 ms - 181[0m
[0mGET /uploads/users/avatars/avatar-1622625767929 [33m404[0m 747.477 ms - 181[0m
[0mGET /uploads/posts/media-1622627777205 [33m404[0m 740.619 ms - 172[0m
[0mGET /uploads/posts/media-1622627584918 [33m404[0m 723.229 ms - 172[0m
[0mGET /uploads/users/avatars/avatar-1622626851248 [33m404[0m 724.494 ms - 181[0m
[0mGET /uploads/posts/media-1622627319942 [33m404[0m 729.560 ms - 172[0m
[0mGET /uploads/users/avatars/avatar-1622625228536 [33m404[0m 776.767 ms - 181[0m
[0mGET /uploads/users/avatars/avatar-1622626416295 [33m404[0m 777.819 ms - 181[0m
[0mGET /uploads/users/avatars/avatar-1622626069037 [33m404[0m 770.497 ms - 181[0m
[0mGET /uploads/posts/media-1622627076912 [33m404[0m 767.138 ms - 172[0m
[0mGET /uploads/posts/media-1622626745499 [33m404[0m 1169.654 ms - 172[0m
[0mGET /uploads/posts/media-1622626891406 [33m404[0m 1177.802 ms - 172[0m
[0mGET /uploads/posts/media-1622626329334 [33m404[0m 805.875 ms - 172[0m
[0mGET /uploads/posts/media-1622626121416 [33m404[0m 809.133 ms - 172[0m
[0mGET /uploads/posts/media-1622626586151 [33m404[0m 809.385 ms - 172[0m
[0mGET /uploads/posts/media-1622625913694 [33m404[0m 807.756 ms - 172[0m
[0mGET /uploads/posts/media-1622625806910 [33m404[0m 770.780 ms - 172[0m
[0mGET /uploads/posts/media-1622625590635 [33m404[0m 769.745 ms - 172[0m
[0mGET /uploads/posts/media-1622625393928 [33m404[0m 803.206 ms - 172[0m
[0mGET /home [36m304[0m 2080.503 ms - -[0m
[0mGET /uploads/posts/media-1622627319942 [33m404[0m 620.555 ms - 172[0m
[0mGET /uploads/users/avatars/avatar-1622626851248 [33m404[0m 622.274 ms - 181[0m
[0mGET /uploads/posts/media-1622627584918 [33m404[0m 641.483 ms - 172[0m
[0mGET /uploads/users/avatars/avatar-1622625767929 [33m404[0m 653.324 ms - 181[0m
[0mGET /uploads/posts/media-1622627777205 [33m404[0m 661.962 ms - 172[0m
[0mGET /uploads/users/avatars/avatar-1622627444466 [33m404[0m 662.087 ms - 181[0m
[0mGET /uploads/users/avatars/avatar-1622626069037 [33m404[0m 889.382 ms - 181[0m
[0mGET /uploads/users/avatars/avatar-1622626416295 [33m404[0m 889.286 ms - 181[0m
[0mGET /uploads/users/avatars/avatar-1622625228536 [33m404[0m 893.147 ms - 181[0m
[0mGET /uploads/posts/media-1622627076912 [33m404[0m 877.412 ms - 172[0m
[0mGET /uploads/posts/media-1622626891406 [33m404[0m 1329.790 ms - 172[0m
[0mGET /uploads/posts/media-1622626745499 [33m404[0m 1331.849 ms - 172[0m
[0mGET /uploads/posts/media-1622626329334 [33m404[0m 831.278 ms - 172[0m
[0mGET /uploads/posts/media-1622626586151 [33m404[0m 861.688 ms - 172[0m
[0mGET /uploads/posts/media-1622626121416 [33m404[0m 852.844 ms - 172[0m
[0mGET /uploads/posts/media-1622625913694 [33m404[0m 852.970 ms - 172[0m
[0mGET /uploads/posts/media-1622625806910 [33m404[0m 961.365 ms - 172[0m
[0mGET /uploads/posts/media-1622625590635 [33m404[0m 954.898 ms - 172[0m
[0mGET /uploads/posts/media-1622625393928 [33m404[0m 982.996 ms - 172[0m
[0mGET /home [36m304[0m 2378.744 ms - -[0m
[0mGET /uploads/posts/media-1622627319942 [33m404[0m 718.184 ms - 172[0m
[0mGET /uploads/users/avatars/avatar-1622626851248 [33m404[0m 727.266 ms - 181[0m
[0mGET /uploads/users/avatars/avatar-1622627444466 [33m404[0m 732.768 ms - 181[0m
[0mGET /uploads/posts/media-1622627584918 [33m404[0m 727.131 ms - 172[0m
[0mGET /uploads/posts/media-1622627777205 [33m404[0m 748.439 ms - 172[0m
[0mGET /uploads/users/avatars/avatar-1622625767929 [33m404[0m 753.091 ms - 181[0m
[0mGET /uploads/users/avatars/avatar-1622626416295 [33m404[0m 590.706 ms - 181[0m
[0mGET /uploads/users/avatars/avatar-1622625228536 [33m404[0m 598.962 ms - 181[0m
[0mGET /uploads/users/avatars/avatar-1622626069037 [33m404[0m 606.773 ms - 181[0m
[0mGET /uploads/posts/media-1622627076912 [33m404[0m 601.581 ms - 172[0m
[0mGET /uploads/posts/media-1622626891406 [33m404[0m 905.040 ms - 172[0m
[0mGET /uploads/posts/media-1622626745499 [33m404[0m 911.353 ms - 172[0m
[0mGET /uploads/posts/media-1622626586151 [33m404[0m 602.039 ms - 172[0m
[0mGET /uploads/posts/media-1622626121416 [33m404[0m 590.442 ms - 172[0m
[0mGET /uploads/posts/media-1622626329334 [33m404[0m 611.848 ms - 172[0m
[0mGET /uploads/posts/media-1622625913694 [33m404[0m 601.895 ms - 172[0m
[0mGET /uploads/posts/media-1622625806910 [33m404[0m 669.678 ms - 172[0m
[0mGET /uploads/posts/media-1622625590635 [33m404[0m 670.209 ms - 172[0m
[0mGET /uploads/posts/media-1622625393928 [33m404[0m 778.507 ms - 172[0m
[0mGET /home [36m304[0m 1912.135 ms - -[0m
[0mGET /uploads/users/avatars/avatar-1622625767929 [33m404[0m 720.739 ms - 181[0m
[0mGET /uploads/posts/media-1622627584918 [33m404[0m 708.309 ms - 172[0m
[0mGET /uploads/users/avatars/avatar-1622627444466 [33m404[0m 722.493 ms - 181[0m
[0mGET /uploads/posts/media-1622627777205 [33m404[0m 743.734 ms - 172[0m
[0mGET /uploads/users/avatars/avatar-1622626851248 [33m404[0m 718.012 ms - 181[0m
[0mGET /uploads/posts/media-1622627319942 [33m404[0m 716.339 ms - 172[0m
[0mGET /uploads/users/avatars/avatar-1622625228536 [33m404[0m 759.001 ms - 181[0m
[0mGET /uploads/users/avatars/avatar-1622626416295 [33m404[0m 771.126 ms - 181[0m
[0mGET /uploads/users/avatars/avatar-1622626069037 [33m404[0m 764.179 ms - 181[0m
[0mGET /uploads/posts/media-1622627076912 [33m404[0m 813.964 ms - 172[0m
[0mGET /uploads/posts/media-1622626745499 [33m404[0m 791.560 ms - 172[0m
[0mGET /uploads/posts/media-1622626121416 [33m404[0m 799.684 ms - 172[0m
[0mGET /uploads/posts/media-1622626891406 [33m404[0m 826.141 ms - 172[0m
[0mGET /uploads/posts/media-1622626329334 [33m404[0m 797.851 ms - 172[0m
[0mGET /uploads/posts/media-1622626586151 [33m404[0m 796.191 ms - 172[0m
[0mGET /uploads/posts/media-1622625806910 [33m404[0m 790.934 ms - 172[0m
[0mGET /uploads/posts/media-1622625590635 [33m404[0m 795.166 ms - 172[0m
[0mGET /uploads/posts/media-1622625913694 [33m404[0m 798.729 ms - 172[0m
[0mGET /uploads/posts/media-1622625393928 [33m404[0m 796.305 ms - 172[0m
[0mGET /home [36m304[0m 2034.030 ms - -[0m
[0mGET /uploads/users/avatars/avatar-1622627444466 [33m404[0m 556.103 ms - 181[0m
[0mGET /uploads/users/avatars/avatar-1622625767929 [33m404[0m 586.143 ms - 181[0m
[0mGET /uploads/posts/media-1622627777205 [33m404[0m 598.776 ms - 172[0m
[0mGET /uploads/posts/media-1622627319942 [33m404[0m 580.322 ms - 172[0m
[0mGET /uploads/users/avatars/avatar-1622626851248 [33m404[0m 593.741 ms - 181[0m
[0mGET /uploads/posts/media-1622627584918 [33m404[0m 587.730 ms - 172[0m
[0mGET /uploads/users/avatars/avatar-1622626416295 [33m404[0m 596.443 ms - 181[0m
[0mGET /uploads/users/avatars/avatar-1622625228536 [33m404[0m 554.891 ms - 181[0m
[0mGET /uploads/users/avatars/avatar-1622626069037 [33m404[0m 553.983 ms - 181[0m
[0mGET /uploads/posts/media-1622627076912 [33m404[0m 615.308 ms - 172[0m
[0mGET /uploads/posts/media-1622626891406 [33m404[0m 911.695 ms - 172[0m
[0mGET /uploads/posts/media-1622626745499 [33m404[0m 914.683 ms - 172[0m
[0mGET /uploads/posts/media-1622626329334 [33m404[0m 640.235 ms - 172[0m
[0mGET /uploads/posts/media-1622626586151 [33m404[0m 666.267 ms - 172[0m
[0mGET /uploads/posts/media-1622626121416 [33m404[0m 653.756 ms - 172[0m
[0mGET /uploads/posts/media-1622625913694 [33m404[0m 607.932 ms - 172[0m
[0mGET /uploads/posts/media-1622625590635 [33m404[0m 628.218 ms - 172[0m
[0mGET /uploads/posts/media-1622625806910 [33m404[0m 634.149 ms - 172[0m
[0mGET /uploads/posts/media-1622625393928 [33m404[0m 691.172 ms - 172[0m
[0mGET /home [36m304[0m 2428.134 ms - -[0m
[0mGET /uploads/posts/media-1622627319942 [33m404[0m 571.036 ms - 172[0m
[0mGET /uploads/posts/media-1622627584918 [33m404[0m 581.816 ms - 172[0m
[0mGET /uploads/users/avatars/avatar-1622625767929 [33m404[0m 596.354 ms - 181[0m
[0mGET /uploads/posts/media-1622627777205 [33m404[0m 615.181 ms - 172[0m
[0mGET /uploads/users/avatars/avatar-1622626851248 [33m404[0m 586.217 ms - 181[0m
[0mGET /uploads/users/avatars/avatar-1622627444466 [33m404[0m 618.980 ms - 181[0m
[0mGET /uploads/users/avatars/avatar-1622626416295 [33m404[0m 564.442 ms - 181[0m
[0mGET /uploads/users/avatars/avatar-1622626069037 [33m404[0m 560.337 ms - 181[0m
[0mGET /uploads/users/avatars/avatar-1622625228536 [33m404[0m 608.629 ms - 181[0m
[0mGET /uploads/posts/media-1622627076912 [33m404[0m 602.434 ms - 172[0m
[0mGET /uploads/posts/media-1622626891406 [33m404[0m 833.979 ms - 172[0m
[0mGET /uploads/posts/media-1622626745499 [33m404[0m 834.219 ms - 172[0m
[0mGET /uploads/posts/media-1622626586151 [33m404[0m 552.549 ms - 172[0m
[0mGET /uploads/posts/media-1622626329334 [33m404[0m 550.102 ms - 172[0m
[0mGET /uploads/posts/media-1622626121416 [33m404[0m 554.693 ms - 172[0m
[0mGET /uploads/posts/media-1622625913694 [33m404[0m 549.353 ms - 172[0m
[0mGET /uploads/posts/media-1622625590635 [33m404[0m 786.434 ms - 172[0m
[0mGET /uploads/posts/media-1622625806910 [33m404[0m 800.260 ms - 172[0m
[0mGET /uploads/posts/media-1622625393928 [33m404[0m 1064.833 ms - 172[0m
[0mGET /home [36m304[0m 1926.002 ms - -[0m
[0mGET /uploads/users/avatars/avatar-1622627444466 [33m404[0m 900.739 ms - 181[0m
[0mGET /uploads/users/avatars/avatar-1622626851248 [33m404[0m 892.509 ms - 181[0m
[0mGET /uploads/users/avatars/avatar-1622625767929 [33m404[0m 915.351 ms - 181[0m
[0mGET /uploads/posts/media-1622627584918 [33m404[0m 884.040 ms - 172[0m
[0mGET /uploads/posts/media-1622627319942 [33m404[0m 901.819 ms - 172[0m
[0mGET /uploads/posts/media-1622627777205 [33m404[0m 927.496 ms - 172[0m
[0mGET /uploads/users/avatars/avatar-1622626069037 [33m404[0m 801.688 ms - 181[0m
[0mGET /uploads/users/avatars/avatar-1622626416295 [33m404[0m 802.391 ms - 181[0m
[0mGET /uploads/posts/media-1622627076912 [33m404[0m 791.920 ms - 172[0m
[0mGET /uploads/users/avatars/avatar-1622625228536 [33m404[0m 798.591 ms - 181[0m
[0mGET /uploads/posts/media-1622626891406 [33m404[0m 1189.624 ms - 172[0m
[0mGET /uploads/posts/media-1622626745499 [33m404[0m 1191.002 ms - 172[0m
[0mGET /uploads/posts/media-1622626586151 [33m404[0m 686.337 ms - 172[0m
[0mGET /uploads/posts/media-1622626329334 [33m404[0m 686.128 ms - 172[0m
[0mGET /uploads/posts/media-1622625913694 [33m404[0m 699.883 ms - 172[0m
[0mGET /uploads/posts/media-1622626121416 [33m404[0m 689.744 ms - 172[0m
[0mGET /uploads/posts/media-1622625590635 [33m404[0m 590.079 ms - 172[0m
[0mGET /uploads/posts/media-1622625806910 [33m404[0m 608.116 ms - 172[0m
[0mGET /uploads/posts/media-1622625393928 [33m404[0m 703.017 ms - 172[0m
[0mGET / [36m302[0m 746.804 ms - 54[0m
[0mGET /home [32m200[0m 1900.700 ms - 10198[0m
[0mGET /uploads/users/avatars/avatar-1622630082150 [33m404[0m 1479.881 ms - 181[0m
[0mGET /uploads/users/avatars/avatar-1622625228536 [33m404[0m 1468.868 ms - 181[0m
[0mGET /uploads/users/avatars/avatar-1622626069037 [33m404[0m 1857.841 ms - 181[0m
[0mGET /uploads/users/avatars/avatar-1622626416295 [33m404[0m 1856.863 ms - 181[0m
[0mGET /uploads/users/avatars/avatar-1622626851248 [33m404[0m 2259.628 ms - 181[0m
[0mGET /uploads/users/avatars/avatar-1622627444466 [33m404[0m 2133.112 ms - 181[0m
[0mGET /favicon.ico [33m404[0m 820.395 ms - 150[0m
[0mPOST /posts/create-post [36m302[0m 772.451 ms - 96[0m
[0mGET /home [32m200[0m 1935.294 ms - 13676[0m
[0mGET /uploads/users/avatars/avatar-1622626069037 [33m404[0m 774.212 ms - 181[0m
[0mGET /uploads/users/avatars/avatar-1622630082150 [33m404[0m 781.278 ms - 181[0m
[0mGET /uploads/users/avatars/avatar-1622626851248 [33m404[0m 775.976 ms - 181[0m
[0mGET /uploads/users/avatars/avatar-1622626416295 [33m404[0m 774.992 ms - 181[0m
[0mGET /uploads/users/avatars/avatar-1622625228536 [33m404[0m 795.499 ms - 181[0m
[0mGET /uploads/users/avatars/avatar-1622627444466 [33m404[0m 802.681 ms - 181[0m
[0mGET /home [32m200[0m 9419.143 ms - 13394[0m
[0mGET /uploads/users/avatars/avatar-1622630082150 [33m404[0m 864.264 ms - 181[0m
[0mGET /uploads/users/avatars/avatar-1622626416295 [33m404[0m 866.450 ms - 181[0m
[0mGET /uploads/users/avatars/avatar-1622626851248 [33m404[0m 860.829 ms - 181[0m
[0mGET /uploads/users/avatars/avatar-1622626069037 [33m404[0m 860.046 ms - 181[0m
[0mGET /uploads/users/avatars/avatar-1622625228536 [33m404[0m 866.944 ms - 181[0m
[0mGET /uploads/users/avatars/avatar-1622627444466 [33m404[0m 737.812 ms - 181[0m
[0mGET /home [36m304[0m 2607.285 ms - -[0m
[0mGET /uploads/users/avatars/avatar-1622630082150 [33m404[0m 1888.352 ms - 181[0m
[0mGET /uploads/users/avatars/avatar-1622625228536 [33m404[0m 1885.092 ms - 181[0m
[0mGET /uploads/users/avatars/avatar-1622626069037 [33m404[0m 1935.369 ms - 181[0m
[0mGET /uploads/users/avatars/avatar-1622626416295 [33m404[0m 1976.098 ms - 181[0m
[0mGET /uploads/users/avatars/avatar-1622626851248 [33m404[0m 2044.407 ms - 181[0m
[0mGET /uploads/users/avatars/avatar-1622627444466 [33m404[0m 2075.101 ms - 181[0m
[0mGET /home [36m304[0m 2410.193 ms - -[0m
[0mGET /uploads/users/avatars/avatar-1622630082150 [33m404[0m 2001.781 ms - 181[0m
[0mGET /uploads/users/avatars/avatar-1622625228536 [33m404[0m 2014.905 ms - 181[0m
[0mGET /uploads/users/avatars/avatar-1622626069037 [33m404[0m 2017.944 ms - 181[0m
[0mGET /uploads/users/avatars/avatar-1622627444466 [33m404[0m 2108.191 ms - 181[0m
[0mGET /uploads/users/avatars/avatar-1622626416295 [33m404[0m 2108.515 ms - 181[0m
[0mGET /uploads/users/avatars/avatar-1622626851248 [33m404[0m 2233.753 ms - 181[0m
[0mGET /uploads/posts/media-1622630874066 [33m404[0m 575.845 ms - 172[0m
[0mGET /home [36m304[0m 7647.677 ms - -[0m
[0mGET /uploads/users/avatars/avatar-1622630082150 [33m404[0m 3034.195 ms - 181[0m
[0mGET /uploads/users/avatars/avatar-1622625228536 [33m404[0m 3242.944 ms - 181[0m
[0mGET /uploads/users/avatars/avatar-1622626069037 [33m404[0m 3907.579 ms - 181[0m
[0mGET /uploads/users/avatars/avatar-1622626416295 [33m404[0m 4073.330 ms - 181[0m
[0mGET /uploads/users/avatars/avatar-1622626851248 [33m404[0m 4877.244 ms - 181[0m
[0mGET /uploads/users/avatars/avatar-1622627444466 [33m404[0m 4886.982 ms - 181[0m
[0mGET /home [32m200[0m 26312.287 ms - 29133[0m
[0mGET /uploads/users/avatars/avatar-1622630082150 [33m404[0m 2753.146 ms - 181[0m
[0mGET /uploads/users/avatars/avatar-1622625228536 [33m404[0m 2779.131 ms - 181[0m
[0mGET /uploads/posts/media-1622631996529 [33m404[0m 2907.342 ms - 172[0m
[0mGET /uploads/posts/media-1622631885793 [33m404[0m 3034.390 ms - 172[0m
[0mGET /uploads/posts/media-1622631838201 [33m404[0m 3054.455 ms - 172[0m
[0mGET /uploads/users/avatars/avatar-1622626069037 [33m404[0m 2757.045 ms - 181[0m
[0mGET /uploads/users/avatars/avatar-1622627444466 [33m404[0m 1048.925 ms - 181[0m
[0mGET /uploads/users/avatars/avatar-1622626851248 [33m404[0m 1103.130 ms - 181[0m
[0mGET /uploads/posts/media-1622631805355 [33m404[0m 867.251 ms - 172[0m
[0mGET /uploads/users/avatars/avatar-1622626416295 [33m404[0m 999.350 ms - 181[0m
[0mGET /uploads/posts/media-1622631755635 [33m404[0m 868.523 ms - 172[0m
[0mGET /favicon.ico [33m404[0m 813.446 ms - 150[0m
[0mGET /home [36m304[0m 4200.622 ms - -[0m
[0mGET /uploads/users/avatars/avatar-1622630082150 [33m404[0m 1383.317 ms - 181[0m
[0mGET /uploads/users/avatars/avatar-1622625228536 [33m404[0m 1636.267 ms - 181[0m
[0mGET /uploads/posts/media-1622631996529 [33m404[0m 1781.716 ms - 172[0m
[0mGET /uploads/posts/media-1622631885793 [33m404[0m 1772.285 ms - 172[0m
[0mGET /uploads/posts/media-1622631838201 [33m404[0m 1792.107 ms - 172[0m
[0mGET /uploads/posts/media-1622631805355 [33m404[0m 1849.528 ms - 172[0m
[0mGET /uploads/users/avatars/avatar-1622626069037 [33m404[0m 1261.756 ms - 181[0m
[0mGET /uploads/users/avatars/avatar-1622626851248 [33m404[0m 1049.303 ms - 181[0m
[0mGET /uploads/users/avatars/avatar-1622627444466 [33m404[0m 924.871 ms - 181[0m
[0mGET /uploads/users/avatars/avatar-1622626416295 [33m404[0m 930.300 ms - 181[0m
[0mGET /uploads/posts/media-1622631755635 [33m404[0m 738.408 ms - 172[0m
[0mGET /user/profile/60b74db8244ba80015bc8516 [32m200[0m 2968.748 ms - 23443[0m
[0mGET /uploads/users/avatars/avatar-1622630082150 [33m404[0m 3547.278 ms - 181[0m
[0mGET /uploads/posts/media-1622631885793 [33m404[0m 3609.281 ms - 172[0m
[0mGET /uploads/posts/media-1622631838201 [33m404[0m 3643.858 ms - 172[0m
[0mGET /uploads/posts/media-1622631755635 [33m404[0m 4198.358 ms - 172[0m
[0mGET /uploads/posts/media-1622631805355 [33m404[0m 4453.550 ms - 172[0m
[0mPOST /user/update/60b74db8244ba80015bc8516 [36m302[0m 2479.591 ms - 162[0m
[0mGET /user/profile/60b74db8244ba80015bc8516 [32m200[0m 5088.455 ms - 23443[0m
[0mGET /uploads/posts/media-1622631885793 [33m404[0m 1932.865 ms - 172[0m
[0mGET /uploads/posts/media-1622631838201 [33m404[0m 1980.343 ms - 172[0m
[0mGET /uploads/posts/media-1622631805355 [33m404[0m 2019.668 ms - 172[0m
[0mGET /uploads/posts/media-1622631755635 [33m404[0m 2282.978 ms - 172[0m
[0mGET /logo-action [36m302[0m 2143.972 ms - 54[0m
[0mGET /home [32m200[0m 2825.210 ms - 29133[0m
[0mGET /uploads/users/avatars/avatar-1622625228536 [33m404[0m 995.139 ms - 181[0m
[0mGET /uploads/posts/media-1622631996529 [33m404[0m 1096.615 ms - 172[0m
[0mGET /uploads/posts/media-1622631885793 [33m404[0m 1115.776 ms - 172[0m
[0mGET /uploads/posts/media-1622631838201 [33m404[0m 1137.117 ms - 172[0m
[0mGET /uploads/posts/media-1622631805355 [33m404[0m 1254.786 ms - 172[0m
[0mGET /uploads/users/avatars/avatar-1622626416295 [33m404[0m 1060.869 ms - 181[0m
[0mGET /uploads/users/avatars/avatar-1622627444466 [33m404[0m 851.102 ms - 181[0m
[0mGET /uploads/users/avatars/avatar-1622626851248 [33m404[0m 809.928 ms - 181[0m
[0mGET /uploads/posts/media-1622631755635 [33m404[0m 969.902 ms - 172[0m
[0mGET /uploads/users/avatars/avatar-1622626069037 [33m404[0m 1002.312 ms - 181[0m
[0mGET /home [32m200[0m 3170.893 ms - 29088[0m
[0mGET /uploads/posts/media-1622631885793 [33m404[0m 701.511 ms - 172[0m
[0mGET /uploads/users/avatars/avatar-1622625228536 [33m404[0m 714.870 ms - 181[0m
[0mGET /uploads/posts/media-1622631996529 [33m404[0m 709.069 ms - 172[0m
[0mGET /uploads/posts/media-1622631838201 [33m404[0m 705.447 ms - 172[0m
[0mGET /uploads/posts/media-1622631805355 [33m404[0m 701.622 ms - 172[0m
[0mGET /uploads/users/avatars/avatar-1622626851248 [33m404[0m 1140.596 ms - 181[0m
[0mGET /uploads/users/avatars/avatar-1622626416295 [33m404[0m 1185.571 ms - 181[0m
[0mGET /uploads/users/avatars/avatar-1622627444466 [33m404[0m 1185.781 ms - 181[0m
[0mGET /uploads/users/avatars/avatar-1622626069037 [33m404[0m 1181.890 ms - 181[0m
[0mGET /uploads/posts/media-1622631755635 [33m404[0m 1175.666 ms - 172[0m
[0mGET / [32m200[0m 20.461 ms - 3151[0m
[0mGET /discover [32m200[0m 1316.253 ms - 6585[0m
[0mGET /uploads/posts/media-1622631996529 [33m404[0m 609.506 ms - 172[0m
[0mGET /uploads/posts/media-1622631885793 [33m404[0m 893.643 ms - 172[0m
[0mGET /uploads/posts/media-1622631838201 [33m404[0m 1308.699 ms - 172[0m
[0mGET /uploads/posts/media-1622631805355 [33m404[0m 1712.158 ms - 172[0m
[0mGET /uploads/posts/media-1622631755635 [33m404[0m 1983.338 ms - 172[0m
[0mGET /logo-action [36m302[0m 294.773 ms - 46[0m
[0mGET / [36m304[0m 370.523 ms - -[0m
[0mGET /sign-in [32m200[0m 410.020 ms - 3443[0m
[0mPOST /user/create-session [36m302[0m 698.283 ms - 54[0m
[0mGET /home [36m302[0m 397.307 ms - 46[0m
[0mGET / [36m302[0m 811.513 ms - 54[0m
[0mGET /home [32m200[0m 1863.158 ms - 29602[0m
[0mGET /uploads/posts/media-1622631996529 [33m404[0m 561.157 ms - 172[0m
[0mGET /uploads/posts/media-1622631838201 [33m404[0m 559.516 ms - 172[0m
[0mGET /uploads/users/avatars/avatar-1622625228536 [33m404[0m 589.773 ms - 181[0m
[0mGET /uploads/posts/media-1622631885793 [33m404[0m 576.385 ms - 172[0m
[0mGET /uploads/posts/media-1622631805355 [33m404[0m 581.758 ms - 172[0m
[0mGET /uploads/users/avatars/avatar-1622627444466 [33m404[0m 721.243 ms - 181[0m
[0mGET /uploads/users/avatars/avatar-1622626069037 [33m404[0m 574.477 ms - 181[0m
[0mGET /uploads/users/avatars/avatar-1622626416295 [33m404[0m 573.050 ms - 181[0m
[0mGET /uploads/users/avatars/avatar-1622626851248 [33m404[0m 591.041 ms - 181[0m
[0mGET /uploads/posts/media-1622631755635 [33m404[0m 898.248 ms - 172[0m
